TN:
SF:script/Callme.s.sol
FN:10,Deploy.run
FNDA:0,Deploy.run
DA:11,0
DA:12,0
DA:13,0
FNF:1
FNH:0
LF:3
LH:0
BRF:0
BRH:0
end_of_record
TN:
SF:script/Counter.s.sol
FN:10,CounterScript.setUp
FNDA:0,CounterScript.setUp
FN:12,CounterScript.run
FNDA:0,CounterScript.run
DA:13,0
DA:15,0
DA:17,0
FNF:2
FNH:0
LF:3
LH:0
BRF:0
BRH:0
end_of_record
TN:
SF:script/Deploy.s.sol
FN:9,Deployscript.run
FNDA:0,Deployscript.run
DA:10,0
DA:11,0
DA:12,0
DA:13,0
DA:14,0
FNF:1
FNH:0
LF:5
LH:0
BRF:0
BRH:0
end_of_record
TN:
SF:src/Callme.sol
FN:7,Callme.callme
FNDA:0,Callme.callme
DA:8,0
FNF:1
FNH:0
LF:1
LH:0
BRF:0
BRH:0
end_of_record
TN:
SF:src/Counter.sol
FN:7,Counter.setNumber
FNDA:258,Counter.setNumber
DA:8,258
FN:11,Counter.increment
FNDA:1,Counter.increment
DA:12,1
FNF:2
FNH:2
LF:2
LH:2
BRF:0
BRH:0
end_of_record
TN:
SF:src/Deploy.sol
FN:5,Deploycontract.deploy
FNDA:0,Deploycontract.deploy
DA:6,0
FNF:1
FNH:0
LF:1
LH:0
BRF:0
BRH:0
end_of_record
TN:
SF:src/Donation.sol
FN:7,DonationChallenge.
FNDA:3,DonationChallenge.
DA:8,3
BRDA:8,0,0,-
BRDA:8,0,1,3
DA:9,3
FN:19,DonationChallenge.isComplete
FNDA:1,DonationChallenge.isComplete
DA:20,1
FN:23,DonationChallenge.donate
FNDA:1,DonationChallenge.donate
DA:24,1
BRDA:24,1,0,-
BRDA:24,1,1,1
DA:25,1
DA:26,1
DA:27,1
DA:28,1
FN:31,DonationChallenge.withdraw
FNDA:1,DonationChallenge.withdraw
DA:32,1
BRDA:32,2,0,1
BRDA:32,2,1,-
DA:33,0
BRDA:33,3,0,-
BRDA:33,3,1,-
DA:34,0
FNF:4
FNH:4
LF:11
LH:9
BRF:8
BRH:3
end_of_record
TN:
SF:src/GuessNumber.sol
FN:7,GuesstheChallenge.
FNDA:3,GuesstheChallenge.
DA:8,3
DA:9,3
BRDA:9,0,0,-
BRDA:9,0,1,3
FN:12,GuesstheChallenge.
FNDA:0,GuesstheChallenge.
FN:14,GuesstheChallenge.isComplete
FNDA:2,GuesstheChallenge.isComplete
DA:15,2
FN:18,GuesstheChallenge.guesstheNumber
FNDA:2,GuesstheChallenge.guesstheNumber
DA:19,2
BRDA:19,1,0,-
BRDA:19,1,1,2
DA:20,2
BRDA:20,2,0,1
DA:21,1
FNF:4
FNH:3
LF:6
LH:6
BRF:5
BRH:3
end_of_record
TN:
SF:src/RetirementFund.sol
FN:10,RetirementFund.
FNDA:3,RetirementFund.
DA:11,3
FN:14,RetirementFund.setBeneficiary
FNDA:0,RetirementFund.setBeneficiary
DA:15,0
BRDA:15,0,0,-
BRDA:15,0,1,-
DA:16,0
FN:19,RetirementFund.depositFunds
FNDA:3,RetirementFund.depositFunds
DA:20,3
BRDA:20,1,0,-
BRDA:20,1,1,3
DA:21,3
BRDA:21,2,0,-
BRDA:21,2,1,3
DA:22,3
FN:25,RetirementFund.withdraw
FNDA:2,RetirementFund.withdraw
DA:26,2
BRDA:26,3,0,-
BRDA:26,3,1,2
DA:28,2
DA:29,2
BRDA:29,4,0,2
BRDA:27,4,1,2
DA:30,2
DA:32,0
FN:36,RetirementFund.collectPenalty
FNDA:1,RetirementFund.collectPenalty
DA:37,1
BRDA:37,5,0,-
BRDA:37,5,1,1
DA:38,1
BRDA:38,6,0,1
DA:39,1
FN:43,RetirementFund.
FNDA:0,RetirementFund.
FNF:6
FNH:4
LF:14
LH:11
BRF:13
BRH:7
end_of_record
TN:
SF:src/Tokensale.sol
FN:8,Tokensale.
FNDA:4,Tokensale.
DA:9,4
BRDA:9,0,0,-
BRDA:9,0,1,4
FN:12,Tokensale.isComplete
FNDA:1,Tokensale.isComplete
DA:14,1
DA:15,0
BRDA:15,1,0,-
DA:16,0
FN:20,Tokensale.buy
FNDA:2,Tokensale.buy
DA:21,2
BRDA:21,2,0,-
BRDA:21,2,1,2
DA:22,2
FN:25,Tokensale.sell
FNDA:1,Tokensale.sell
DA:26,1
BRDA:26,3,0,-
BRDA:26,3,1,1
DA:27,1
DA:28,1
FN:31,Tokensale.checkBalance
FNDA:1,Tokensale.checkBalance
DA:32,1
FNF:5
FNH:5
LF:10
LH:8
BRF:7
BRH:3
end_of_record
